65911
('normalized num of Z-> mumu evts from singal with m_s = 0.5 GeV: ', 94.772372324)
('normalized num of Z-> mumu evts from singal with m_s = 5 GeV: ', 43.233143650666676)
('normalized num of Z-> mumu evts from singal with m_s = 25 GeV: ', 48.051319449999994)
('normalized num of Z-> mumu evts from 2-fermion background: ', 128053.112132088)
('normalized num of Z-> mumu evts from 4-fermion background: ', 54.047975436)
('num of singal evts with m_s = 0.5 GeV passing alpha cut: ', 53.796991976)
('num of singal evts with m_s = 5 GeV passing alpha cut: ', 24.563809738000003)
('num of singal evts with m_s = 25 GeV passing alpha cut: ', 40.01236234733333)
('num of 2-fermion bkg evts passing alpha cut: ', 139.7777535492)
('num of 4-fermion bkg evts passing alpha cut: ', 5.010767244)
('num of singal evts with m_s = 0.5 GeV passing angle cut: ', 51.678988843999996)
('num of singal evts with m_s = 5 GeV passing angle cut: ', 23.59428048466667)
('num of singal evts with m_s = 25 GeV passing angle cut: ', 39.469499205999995)
('num of 2-fermion bkg evts passing angle cut: ', 133.5190481664)
('num of 4-fermion bkg evts passing angle cut: ', 4.839335928)
('num of singal evts with m_s = 0.5 GeV passing momentum cut: ', 45.966275712)
('num of singal evts with m_s = 5 GeV passing momentum cut: ', 21.00603043066667)
('num of singal evts with m_s = 25 GeV passing momentum cut: ', 21.11702368933333)
('num of 2-fermion bkg evts passing momentum cut: ', 110.91816761740002)
('num of 4-fermion bkg evts passing momentum cut: ', 2.821419216)
('num of singal evts with m_s = 0.5 GeV passing cos_theta_p_missing cut: ', 45.956210524)
('num of singal evts with m_s = 5 GeV passing cos_theta_p_missing cut: ', 21.001444819333337)
('num of singal evts with m_s = 25 GeV passing cos_theta_p_missing cut: ', 21.108210976)
('num of 2-fermion bkg evts passing cos_theta_p_missing cut: ', 110.91816761740002)
('num of 4-fermion bkg evts passing cos_theta_p_missing cut: ', 2.818801944)
('num of singal evts with m_s = 0.5 GeV passing m_inv cut: ', 45.956210524)
('num of singal evts with m_s = 5 GeV passing m_inv cut: ', 21.001444819333337)
('num of singal evts with m_s = 25 GeV passing m_inv cut: ', 21.108210976)
('num of 2-fermion bkg evts passing m_inv cut: ', 110.91816761740002)
('num of 4-fermion bkg evts passing m_inv cut: ', 2.818801944)
