separating e and mu channel evts in  /uscms/home/tyang/nobackup/data/FCCee-Scalar-Boson-delphes-samples/eeZS_p5.root
-------------------------------------------------------------------
number of ee events:  98611
number of mumu events:  98391
number of double channel events:  3798
number of no id events:  0
separating e and mu channel evts in  /uscms/home/tyang/nobackup/data/FCCee-Scalar-Boson-delphes-samples/eeZS_2.root
-------------------------------------------------------------------
number of ee events:  98387
number of mumu events:  99877
number of double channel events:  4685
number of no id events:  0
separating e and mu channel evts in  /uscms/home/tyang/nobackup/data/FCCee-Scalar-Boson-delphes-samples/eeZS_5.root
-------------------------------------------------------------------
number of ee events:  98611
number of mumu events:  98391
number of double channel events:  3798
number of no id events:  0
separating e and mu channel evts in  /uscms/home/tyang/nobackup/data/FCCee-Scalar-Boson-delphes-samples/eeZS_15.root
-------------------------------------------------------------------
number of ee events:  98452
number of mumu events:  98301
number of double channel events:  4182
number of no id events:  0
separating e and mu channel evts in  /uscms/home/tyang/nobackup/data/FCCee-Scalar-Boson-delphes-samples/eeZS_25.root
-------------------------------------------------------------------
number of ee events:  98364
number of mumu events:  98949
number of double channel events:  4020
number of no id events:  0
separating e and mu channel evts in  /uscms/home/tyang/nobackup/data/FCCee-Scalar-Boson-delphes-samples/ee2fermion_mutau.root
-------------------------------------------------------------------
number of ee events:  0
number of mumu events:  500944
number of double channel events:  0
number of no id events:  0
separating e and mu channel evts in  /uscms/home/tyang/nobackup/data/FCCee-Scalar-Boson-delphes-samples/ee4lepton_muon.root
-------------------------------------------------------------------
number of ee events:  0
number of mumu events:  5568
number of double channel events:  94432
number of no id events:  0
