ntuplizing delphes file:  /scratch5/arapyan/fcc_ee/eeTo2fermion.root
-------------------------------------------------------------------
0.378503084183  seconds has elapsed.  0  events has been processed
7.36339402199  seconds has elapsed.  10000  events has been processed
14.8566420078  seconds has elapsed.  20000  events has been processed
21.6990640163  seconds has elapsed.  30000  events has been processed
29.2381651402  seconds has elapsed.  40000  events has been processed
36.0974171162  seconds has elapsed.  50000  events has been processed
43.4178271294  seconds has elapsed.  60000  events has been processed
50.3477041721  seconds has elapsed.  70000  events has been processed
57.7210371494  seconds has elapsed.  80000  events has been processed
64.5682580471  seconds has elapsed.  90000  events has been processed
71.9501149654  seconds has elapsed.  100000  events has been processed
78.7342271805  seconds has elapsed.  110000  events has been processed
86.0534281731  seconds has elapsed.  120000  events has been processed
92.9127030373  seconds has elapsed.  130000  events has been processed
100.310616016  seconds has elapsed.  140000  events has been processed
107.119753122  seconds has elapsed.  150000  events has been processed
114.720592976  seconds has elapsed.  160000  events has been processed
121.594679117  seconds has elapsed.  170000  events has been processed
128.815505028  seconds has elapsed.  180000  events has been processed
135.593801975  seconds has elapsed.  190000  events has been processed
142.763632059  seconds has elapsed.  200000  events has been processed
149.549838066  seconds has elapsed.  210000  events has been processed
156.717941046  seconds has elapsed.  220000  events has been processed
163.533547163  seconds has elapsed.  230000  events has been processed
170.927993059  seconds has elapsed.  240000  events has been processed
177.861715078  seconds has elapsed.  250000  events has been processed
185.363708019  seconds has elapsed.  260000  events has been processed
192.129734993  seconds has elapsed.  270000  events has been processed
199.362468958  seconds has elapsed.  280000  events has been processed
206.463023186  seconds has elapsed.  290000  events has been processed
213.263092995  seconds has elapsed.  300000  events has been processed
220.458502054  seconds has elapsed.  310000  events has been processed
227.285926104  seconds has elapsed.  320000  events has been processed
234.634196043  seconds has elapsed.  330000  events has been processed
241.501250029  seconds has elapsed.  340000  events has been processed
248.573592186  seconds has elapsed.  350000  events has been processed
255.387014151  seconds has elapsed.  360000  events has been processed
262.604254961  seconds has elapsed.  370000  events has been processed
269.429943085  seconds has elapsed.  380000  events has been processed
276.600106955  seconds has elapsed.  390000  events has been processed
283.305171967  seconds has elapsed.  400000  events has been processed
290.563719988  seconds has elapsed.  410000  events has been processed
297.466253042  seconds has elapsed.  420000  events has been processed
304.646416187  seconds has elapsed.  430000  events has been processed
311.417551994  seconds has elapsed.  440000  events has been processed
318.481410027  seconds has elapsed.  450000  events has been processed
325.294373989  seconds has elapsed.  460000  events has been processed
332.459860086  seconds has elapsed.  470000  events has been processed
339.3160851  seconds has elapsed.  480000  events has been processed
346.464990139  seconds has elapsed.  490000  events has been processed
353.270550013  seconds has elapsed.  500000  events has been processed
360.435171127  seconds has elapsed.  510000  events has been processed
367.105057001  seconds has elapsed.  520000  events has been processed
374.294157982  seconds has elapsed.  530000  events has been processed
381.133232117  seconds has elapsed.  540000  events has been processed
388.249027014  seconds has elapsed.  550000  events has been processed
395.182253122  seconds has elapsed.  560000  events has been processed
402.386041164  seconds has elapsed.  570000  events has been processed
409.500404119  seconds has elapsed.  580000  events has been processed
416.311587095  seconds has elapsed.  590000  events has been processed
423.496028185  seconds has elapsed.  600000  events has been processed
430.264671087  seconds has elapsed.  610000  events has been processed
437.38246417  seconds has elapsed.  620000  events has been processed
444.108710051  seconds has elapsed.  630000  events has been processed
451.271923065  seconds has elapsed.  640000  events has been processed
458.053321123  seconds has elapsed.  650000  events has been processed
465.287448168  seconds has elapsed.  660000  events has been processed
471.984549999  seconds has elapsed.  670000  events has been processed
479.193030119  seconds has elapsed.  680000  events has been processed
486.031205177  seconds has elapsed.  690000  events has been processed
493.175199032  seconds has elapsed.  700000  events has been processed
500.249927044  seconds has elapsed.  710000  events has been processed
507.423679113  seconds has elapsed.  720000  events has been processed
514.145403147  seconds has elapsed.  730000  events has been processed
521.383435011  seconds has elapsed.  740000  events has been processed
528.254079103  seconds has elapsed.  750000  events has been processed
535.563299179  seconds has elapsed.  760000  events has been processed
542.496749163  seconds has elapsed.  770000  events has been processed
549.725278139  seconds has elapsed.  780000  events has been processed
556.474188089  seconds has elapsed.  790000  events has been processed
563.768938065  seconds has elapsed.  800000  events has been processed
570.484215975  seconds has elapsed.  810000  events has been processed
577.774624109  seconds has elapsed.  820000  events has been processed
584.512269974  seconds has elapsed.  830000  events has been processed
591.701611042  seconds has elapsed.  840000  events has been processed
598.867377996  seconds has elapsed.  850000  events has been processed
605.77670908  seconds has elapsed.  860000  events has been processed
612.962290049  seconds has elapsed.  870000  events has been processed
619.907605171  seconds has elapsed.  880000  events has been processed
627.261147022  seconds has elapsed.  890000  events has been processed
634.105468988  seconds has elapsed.  900000  events has been processed
641.332121134  seconds has elapsed.  910000  events has been processed
648.145951033  seconds has elapsed.  920000  events has been processed
655.299060106  seconds has elapsed.  930000  events has been processed
661.994801998  seconds has elapsed.  940000  events has been processed
669.206828117  seconds has elapsed.  950000  events has been processed
675.998059988  seconds has elapsed.  960000  events has been processed
683.275758028  seconds has elapsed.  970000  events has been processed
690.049463987  seconds has elapsed.  980000  events has been processed
697.103708982  seconds has elapsed.  990000  events has been processed
37995  evts failed the photon veto
329752  evts failed the opposite charge requirement
