ntuplizing delphes file:  /scratch5/arapyan/fcc_ee/eeTollS_0p5_inc.root
-------------------------------------------------------------------
3.17356801033  seconds has elapsed.  0  events has been processed
9.26502490044  seconds has elapsed.  10000  events has been processed
15.609762907  seconds has elapsed.  20000  events has been processed
21.6867258549  seconds has elapsed.  30000  events has been processed
27.7046990395  seconds has elapsed.  40000  events has been processed
33.7623569965  seconds has elapsed.  50000  events has been processed
39.8410010338  seconds has elapsed.  60000  events has been processed
46.005366087  seconds has elapsed.  70000  events has been processed
51.99157691  seconds has elapsed.  80000  events has been processed
58.2043988705  seconds has elapsed.  90000  events has been processed
64.5222239494  seconds has elapsed.  100000  events has been processed
71.1045320034  seconds has elapsed.  110000  events has been processed
77.4980149269  seconds has elapsed.  120000  events has been processed
83.7302560806  seconds has elapsed.  130000  events has been processed
90.0767059326  seconds has elapsed.  140000  events has been processed
96.4884269238  seconds has elapsed.  150000  events has been processed
102.141332865  seconds has elapsed.  160000  events has been processed
108.497864962  seconds has elapsed.  170000  events has been processed
114.700974941  seconds has elapsed.  180000  events has been processed
120.754925966  seconds has elapsed.  190000  events has been processed
126.970833063  seconds has elapsed.  200000  events has been processed
133.296061039  seconds has elapsed.  210000  events has been processed
139.633226871  seconds has elapsed.  220000  events has been processed
146.01564908  seconds has elapsed.  230000  events has been processed
151.583996058  seconds has elapsed.  240000  events has been processed
157.991055012  seconds has elapsed.  250000  events has been processed
164.228494883  seconds has elapsed.  260000  events has been processed
170.445029974  seconds has elapsed.  270000  events has been processed
176.747502089  seconds has elapsed.  280000  events has been processed
182.927062988  seconds has elapsed.  290000  events has been processed
9021  evts failed the photon veto
138439  evts failed the opposite charge requirement
ntuplizing delphes file:  /scratch5/arapyan/fcc_ee/eeTollS_5_inc.root
-------------------------------------------------------------------
0.677409887314  seconds has elapsed.  0  events has been processed
7.28169298172  seconds has elapsed.  10000  events has been processed
13.3828928471  seconds has elapsed.  20000  events has been processed
19.4740078449  seconds has elapsed.  30000  events has been processed
25.9419429302  seconds has elapsed.  40000  events has been processed
32.0104830265  seconds has elapsed.  50000  events has been processed
38.0575408936  seconds has elapsed.  60000  events has been processed
44.070994854  seconds has elapsed.  70000  events has been processed
50.5436170101  seconds has elapsed.  80000  events has been processed
56.6169438362  seconds has elapsed.  90000  events has been processed
62.9495270252  seconds has elapsed.  100000  events has been processed
69.1874928474  seconds has elapsed.  110000  events has been processed
75.5559639931  seconds has elapsed.  120000  events has been processed
81.6367299557  seconds has elapsed.  130000  events has been processed
87.6726808548  seconds has elapsed.  140000  events has been processed
93.7344288826  seconds has elapsed.  150000  events has been processed
100.102152824  seconds has elapsed.  160000  events has been processed
106.25513792  seconds has elapsed.  170000  events has been processed
112.36261487  seconds has elapsed.  180000  events has been processed
118.451145887  seconds has elapsed.  190000  events has been processed
125.125056028  seconds has elapsed.  200000  events has been processed
131.300499916  seconds has elapsed.  210000  events has been processed
137.707022905  seconds has elapsed.  220000  events has been processed
143.77986598  seconds has elapsed.  230000  events has been processed
150.117650986  seconds has elapsed.  240000  events has been processed
156.122463942  seconds has elapsed.  250000  events has been processed
162.307232857  seconds has elapsed.  260000  events has been processed
168.331416845  seconds has elapsed.  270000  events has been processed
174.960201979  seconds has elapsed.  280000  events has been processed
181.560237885  seconds has elapsed.  290000  events has been processed
8476  evts failed the photon veto
145902  evts failed the opposite charge requirement
ntuplizing delphes file:  /scratch5/arapyan/fcc_ee/eeTollS_25_inc.root
-------------------------------------------------------------------
0.715587854385  seconds has elapsed.  0  events has been processed
6.83160591125  seconds has elapsed.  10000  events has been processed
12.575688839  seconds has elapsed.  20000  events has been processed
18.6692149639  seconds has elapsed.  30000  events has been processed
24.3500030041  seconds has elapsed.  40000  events has been processed
30.0286049843  seconds has elapsed.  50000  events has been processed
36.0655958652  seconds has elapsed.  60000  events has been processed
41.8591530323  seconds has elapsed.  70000  events has been processed
47.5814568996  seconds has elapsed.  80000  events has been processed
53.5919549465  seconds has elapsed.  90000  events has been processed
59.4398210049  seconds has elapsed.  100000  events has been processed
65.150537014  seconds has elapsed.  110000  events has been processed
71.1775019169  seconds has elapsed.  120000  events has been processed
76.9383740425  seconds has elapsed.  130000  events has been processed
82.9099869728  seconds has elapsed.  140000  events has been processed
88.6260988712  seconds has elapsed.  150000  events has been processed
94.4076788425  seconds has elapsed.  160000  events has been processed
100.301452875  seconds has elapsed.  170000  events has been processed
106.110615015  seconds has elapsed.  180000  events has been processed
111.917942047  seconds has elapsed.  190000  events has been processed
117.856549025  seconds has elapsed.  200000  events has been processed
123.536049843  seconds has elapsed.  210000  events has been processed
129.11917305  seconds has elapsed.  220000  events has been processed
135.089905024  seconds has elapsed.  230000  events has been processed
140.87180686  seconds has elapsed.  240000  events has been processed
147.005744934  seconds has elapsed.  250000  events has been processed
152.721555948  seconds has elapsed.  260000  events has been processed
158.626842976  seconds has elapsed.  270000  events has been processed
164.702235937  seconds has elapsed.  280000  events has been processed
170.702321053  seconds has elapsed.  290000  events has been processed
6523  evts failed the photon veto
175263  evts failed the opposite charge requirement
ntuplizing delphes file:  /scratch5/arapyan/fcc_ee/four_lepton.root
-------------------------------------------------------------------
0.655768871307  seconds has elapsed.  0  events has been processed
11.2219250202  seconds has elapsed.  10000  events has been processed
21.9226028919  seconds has elapsed.  20000  events has been processed
32.4117929935  seconds has elapsed.  30000  events has been processed
42.8377580643  seconds has elapsed.  40000  events has been processed
53.3196139336  seconds has elapsed.  50000  events has been processed
64.0272979736  seconds has elapsed.  60000  events has been processed
74.3900618553  seconds has elapsed.  70000  events has been processed
85.0312669277  seconds has elapsed.  80000  events has been processed
95.5525598526  seconds has elapsed.  90000  events has been processed
106.271383047  seconds has elapsed.  100000  events has been processed
116.948459864  seconds has elapsed.  110000  events has been processed
127.561481953  seconds has elapsed.  120000  events has been processed
137.749909878  seconds has elapsed.  130000  events has been processed
148.348798037  seconds has elapsed.  140000  events has been processed
159.226958036  seconds has elapsed.  150000  events has been processed
169.642348051  seconds has elapsed.  160000  events has been processed
180.268416882  seconds has elapsed.  170000  events has been processed
191.070747852  seconds has elapsed.  180000  events has been processed
201.190427065  seconds has elapsed.  190000  events has been processed
211.724212885  seconds has elapsed.  200000  events has been processed
222.641207933  seconds has elapsed.  210000  events has been processed
233.514327049  seconds has elapsed.  220000  events has been processed
244.367694855  seconds has elapsed.  230000  events has been processed
255.527364016  seconds has elapsed.  240000  events has been processed
266.138586044  seconds has elapsed.  250000  events has been processed
277.164893866  seconds has elapsed.  260000  events has been processed
288.072990894  seconds has elapsed.  270000  events has been processed
299.152724981  seconds has elapsed.  280000  events has been processed
310.132927895  seconds has elapsed.  290000  events has been processed
321.615635872  seconds has elapsed.  300000  events has been processed
333.960711002  seconds has elapsed.  310000  events has been processed
346.472743034  seconds has elapsed.  320000  events has been processed
358.097769976  seconds has elapsed.  330000  events has been processed
369.683908939  seconds has elapsed.  340000  events has been processed
381.104584932  seconds has elapsed.  350000  events has been processed
392.119937897  seconds has elapsed.  360000  events has been processed
402.767957926  seconds has elapsed.  370000  events has been processed
413.877778053  seconds has elapsed.  380000  events has been processed
425.008779049  seconds has elapsed.  390000  events has been processed
436.153233051  seconds has elapsed.  400000  events has been processed
447.523880959  seconds has elapsed.  410000  events has been processed
458.656335831  seconds has elapsed.  420000  events has been processed
469.272496939  seconds has elapsed.  430000  events has been processed
480.437047005  seconds has elapsed.  440000  events has been processed
491.455828905  seconds has elapsed.  450000  events has been processed
502.454783916  seconds has elapsed.  460000  events has been processed
513.460324049  seconds has elapsed.  470000  events has been processed
524.475178003  seconds has elapsed.  480000  events has been processed
534.580242872  seconds has elapsed.  490000  events has been processed
545.536565065  seconds has elapsed.  500000  events has been processed
556.586415052  seconds has elapsed.  510000  events has been processed
567.605120897  seconds has elapsed.  520000  events has been processed
578.670094967  seconds has elapsed.  530000  events has been processed
589.654808044  seconds has elapsed.  540000  events has been processed
600.108222961  seconds has elapsed.  550000  events has been processed
611.110797882  seconds has elapsed.  560000  events has been processed
622.128787994  seconds has elapsed.  570000  events has been processed
633.063313961  seconds has elapsed.  580000  events has been processed
644.438853979  seconds has elapsed.  590000  events has been processed
657.347552061  seconds has elapsed.  600000  events has been processed
669.268686056  seconds has elapsed.  610000  events has been processed
680.449426889  seconds has elapsed.  620000  events has been processed
692.314491987  seconds has elapsed.  630000  events has been processed
703.702832937  seconds has elapsed.  640000  events has been processed
715.578651905  seconds has elapsed.  650000  events has been processed
728.63072896  seconds has elapsed.  660000  events has been processed
739.334960938  seconds has elapsed.  670000  events has been processed
750.207260847  seconds has elapsed.  680000  events has been processed
761.618567944  seconds has elapsed.  690000  events has been processed
772.368901968  seconds has elapsed.  700000  events has been processed
782.729321003  seconds has elapsed.  710000  events has been processed
793.701154947  seconds has elapsed.  720000  events has been processed
804.370023966  seconds has elapsed.  730000  events has been processed
815.457840919  seconds has elapsed.  740000  events has been processed
826.656893015  seconds has elapsed.  750000  events has been processed
837.526907921  seconds has elapsed.  760000  events has been processed
848.366404057  seconds has elapsed.  770000  events has been processed
859.292355061  seconds has elapsed.  780000  events has been processed
869.959267855  seconds has elapsed.  790000  events has been processed
880.903100014  seconds has elapsed.  800000  events has been processed
891.85125494  seconds has elapsed.  810000  events has been processed
903.555902958  seconds has elapsed.  820000  events has been processed
914.001634836  seconds has elapsed.  830000  events has been processed
924.670924902  seconds has elapsed.  840000  events has been processed
934.805395842  seconds has elapsed.  850000  events has been processed
945.868968964  seconds has elapsed.  860000  events has been processed
957.064477921  seconds has elapsed.  870000  events has been processed
968.055727005  seconds has elapsed.  880000  events has been processed
979.147929907  seconds has elapsed.  890000  events has been processed
990.164614916  seconds has elapsed.  900000  events has been processed
1000.74116993  seconds has elapsed.  910000  events has been processed
1011.71481895  seconds has elapsed.  920000  events has been processed
1022.54630589  seconds has elapsed.  930000  events has been processed
1033.53453088  seconds has elapsed.  940000  events has been processed
1045.7945559  seconds has elapsed.  950000  events has been processed
1058.86792898  seconds has elapsed.  960000  events has been processed
1070.32715988  seconds has elapsed.  970000  events has been processed
1081.58626103  seconds has elapsed.  980000  events has been processed
1093.43058395  seconds has elapsed.  990000  events has been processed
43400  evts failed the photon veto
85153  evts failed the opposite charge requirement
