ntuplizing delphes file:  /scratch5/arapyan/fcc_ee/eeTollS_0p5_inc.root
-------------------------------------------------------------------
0.457739830017  seconds has elapsed.  0  events has been processed
8.60076093674  seconds has elapsed.  10000  events has been processed
16.8657429218  seconds has elapsed.  20000  events has been processed
24.8925769329  seconds has elapsed.  30000  events has been processed
32.8408148289  seconds has elapsed.  40000  events has been processed
40.6544799805  seconds has elapsed.  50000  events has been processed
48.5704238415  seconds has elapsed.  60000  events has been processed
56.578922987  seconds has elapsed.  70000  events has been processed
63.9389619827  seconds has elapsed.  80000  events has been processed
71.8546688557  seconds has elapsed.  90000  events has been processed
79.8413689137  seconds has elapsed.  100000  events has been processed
87.7578318119  seconds has elapsed.  110000  events has been processed
95.7054688931  seconds has elapsed.  120000  events has been processed
103.538574934  seconds has elapsed.  130000  events has been processed
111.408674002  seconds has elapsed.  140000  events has been processed
119.269187927  seconds has elapsed.  150000  events has been processed
126.649303913  seconds has elapsed.  160000  events has been processed
134.618400812  seconds has elapsed.  170000  events has been processed
142.536491871  seconds has elapsed.  180000  events has been processed
150.445180893  seconds has elapsed.  190000  events has been processed
158.34147191  seconds has elapsed.  200000  events has been processed
166.273090839  seconds has elapsed.  210000  events has been processed
174.12437582  seconds has elapsed.  220000  events has been processed
182.106508017  seconds has elapsed.  230000  events has been processed
189.39979291  seconds has elapsed.  240000  events has been processed
197.231091022  seconds has elapsed.  250000  events has been processed
205.115343809  seconds has elapsed.  260000  events has been processed
213.041829824  seconds has elapsed.  270000  events has been processed
220.877439976  seconds has elapsed.  280000  events has been processed
228.702736855  seconds has elapsed.  290000  events has been processed
9021  evts failed the photon veto
138439  evts failed the opposite charge requirement
