ntuplizing delphes file:  /scratch5/arapyan/fcc_ee/eeTollS_0p5_inc.root
-------------------------------------------------------------------
0.370754003525  seconds has elapsed.  0  events has been processed
6.6502468586  seconds has elapsed.  10000  events has been processed
12.953938961  seconds has elapsed.  20000  events has been processed
19.2620198727  seconds has elapsed.  30000  events has been processed
25.5186879635  seconds has elapsed.  40000  events has been processed
31.6608438492  seconds has elapsed.  50000  events has been processed
37.8753800392  seconds has elapsed.  60000  events has been processed
44.1490828991  seconds has elapsed.  70000  events has been processed
50.0201728344  seconds has elapsed.  80000  events has been processed
56.5413889885  seconds has elapsed.  90000  events has been processed
63.9217259884  seconds has elapsed.  100000  events has been processed
70.2405648232  seconds has elapsed.  110000  events has been processed
76.6087808609  seconds has elapsed.  120000  events has been processed
82.9522099495  seconds has elapsed.  130000  events has been processed
89.2748889923  seconds has elapsed.  140000  events has been processed
95.6312139034  seconds has elapsed.  150000  events has been processed
101.482733011  seconds has elapsed.  160000  events has been processed
107.631992817  seconds has elapsed.  170000  events has been processed
113.707664013  seconds has elapsed.  180000  events has been processed
119.765127897  seconds has elapsed.  190000  events has been processed
125.810120821  seconds has elapsed.  200000  events has been processed
131.837363958  seconds has elapsed.  210000  events has been processed
137.837888002  seconds has elapsed.  220000  events has been processed
143.95397687  seconds has elapsed.  230000  events has been processed
149.750619888  seconds has elapsed.  240000  events has been processed
155.818147898  seconds has elapsed.  250000  events has been processed
161.962328911  seconds has elapsed.  260000  events has been processed
167.937922001  seconds has elapsed.  270000  events has been processed
175.777613878  seconds has elapsed.  280000  events has been processed
183.486703873  seconds has elapsed.  290000  events has been processed
9021  evts failed the photon veto
138439  evts failed the opposite charge requirement
ntuplizing delphes file:  /scratch5/arapyan/fcc_ee/eeTollS_5_inc.root
-------------------------------------------------------------------
2.07755303383  seconds has elapsed.  0  events has been processed
10.4622590542  seconds has elapsed.  10000  events has been processed
18.3549890518  seconds has elapsed.  20000  events has been processed
26.1880588531  seconds has elapsed.  30000  events has been processed
34.6382489204  seconds has elapsed.  40000  events has been processed
42.5154750347  seconds has elapsed.  50000  events has been processed
50.3352608681  seconds has elapsed.  60000  events has been processed
58.1129169464  seconds has elapsed.  70000  events has been processed
66.4881188869  seconds has elapsed.  80000  events has been processed
74.2911059856  seconds has elapsed.  90000  events has been processed
82.2010948658  seconds has elapsed.  100000  events has been processed
90.1716020107  seconds has elapsed.  110000  events has been processed
98.5701198578  seconds has elapsed.  120000  events has been processed
106.487586975  seconds has elapsed.  130000  events has been processed
114.45036006  seconds has elapsed.  140000  events has been processed
122.404402971  seconds has elapsed.  150000  events has been processed
130.71478796  seconds has elapsed.  160000  events has been processed
138.693289042  seconds has elapsed.  170000  events has been processed
146.617348909  seconds has elapsed.  180000  events has been processed
154.422770977  seconds has elapsed.  190000  events has been processed
162.736942053  seconds has elapsed.  200000  events has been processed
170.51385498  seconds has elapsed.  210000  events has been processed
178.758750916  seconds has elapsed.  220000  events has been processed
186.633852005  seconds has elapsed.  230000  events has been processed
194.850269079  seconds has elapsed.  240000  events has been processed
202.694154024  seconds has elapsed.  250000  events has been processed
210.750751972  seconds has elapsed.  260000  events has been processed
218.534754992  seconds has elapsed.  270000  events has been processed
226.943732977  seconds has elapsed.  280000  events has been processed
234.783922911  seconds has elapsed.  290000  events has been processed
8476  evts failed the photon veto
145902  evts failed the opposite charge requirement
ntuplizing delphes file:  /scratch5/arapyan/fcc_ee/eeTollS_25_inc.root
-------------------------------------------------------------------
0.386115074158  seconds has elapsed.  0  events has been processed
8.6292989254  seconds has elapsed.  10000  events has been processed
17.1330170631  seconds has elapsed.  20000  events has been processed
26.8039019108  seconds has elapsed.  30000  events has been processed
35.7067549229  seconds has elapsed.  40000  events has been processed
44.6052770615  seconds has elapsed.  50000  events has been processed
54.0899958611  seconds has elapsed.  60000  events has been processed
63.1604230404  seconds has elapsed.  70000  events has been processed
72.1742460728  seconds has elapsed.  80000  events has been processed
81.5533800125  seconds has elapsed.  90000  events has been processed
90.6336269379  seconds has elapsed.  100000  events has been processed
99.8952729702  seconds has elapsed.  110000  events has been processed
109.262717009  seconds has elapsed.  120000  events has been processed
118.387362003  seconds has elapsed.  130000  events has been processed
127.857533932  seconds has elapsed.  140000  events has been processed
136.656383038  seconds has elapsed.  150000  events has been processed
145.674337864  seconds has elapsed.  160000  events has been processed
154.988986969  seconds has elapsed.  170000  events has been processed
163.921098948  seconds has elapsed.  180000  events has been processed
173.213788033  seconds has elapsed.  190000  events has been processed
182.811569929  seconds has elapsed.  200000  events has been processed
191.861842871  seconds has elapsed.  210000  events has been processed
200.719717026  seconds has elapsed.  220000  events has been processed
210.045428038  seconds has elapsed.  230000  events has been processed
219.00437808  seconds has elapsed.  240000  events has been processed
228.449773073  seconds has elapsed.  250000  events has been processed
237.353981018  seconds has elapsed.  260000  events has been processed
246.315985918  seconds has elapsed.  270000  events has been processed
255.578835964  seconds has elapsed.  280000  events has been processed
264.268584967  seconds has elapsed.  290000  events has been processed
6523  evts failed the photon veto
175263  evts failed the opposite charge requirement
ntuplizing delphes file:  /scratch5/arapyan/fcc_ee/eeTo2fermion.root
-------------------------------------------------------------------
0.204334020615  seconds has elapsed.  0  events has been processed
10.7367501259  seconds has elapsed.  10000  events has been processed
22.0240221024  seconds has elapsed.  20000  events has been processed
31.9957032204  seconds has elapsed.  30000  events has been processed
41.6163580418  seconds has elapsed.  40000  events has been processed
50.3188681602  seconds has elapsed.  50000  events has been processed
59.8514552116  seconds has elapsed.  60000  events has been processed
68.5650250912  seconds has elapsed.  70000  events has been processed
77.8151240349  seconds has elapsed.  80000  events has been processed
86.6381790638  seconds has elapsed.  90000  events has been processed
96.6396691799  seconds has elapsed.  100000  events has been processed
105.590341091  seconds has elapsed.  110000  events has been processed
115.491136074  seconds has elapsed.  120000  events has been processed
125.100845098  seconds has elapsed.  130000  events has been processed
134.620309114  seconds has elapsed.  140000  events has been processed
143.055134058  seconds has elapsed.  150000  events has been processed
152.839538097  seconds has elapsed.  160000  events has been processed
161.862623215  seconds has elapsed.  170000  events has been processed
171.473077059  seconds has elapsed.  180000  events has been processed
180.39173317  seconds has elapsed.  190000  events has been processed
189.820489168  seconds has elapsed.  200000  events has been processed
198.479021072  seconds has elapsed.  210000  events has been processed
207.859627008  seconds has elapsed.  220000  events has been processed
216.754707098  seconds has elapsed.  230000  events has been processed
226.106339216  seconds has elapsed.  240000  events has been processed
235.279790163  seconds has elapsed.  250000  events has been processed
244.840941191  seconds has elapsed.  260000  events has been processed
253.763256073  seconds has elapsed.  270000  events has been processed
263.380580187  seconds has elapsed.  280000  events has been processed
272.804490089  seconds has elapsed.  290000  events has been processed
282.479598045  seconds has elapsed.  300000  events has been processed
293.554682016  seconds has elapsed.  310000  events has been processed
304.11828208  seconds has elapsed.  320000  events has been processed
314.189082146  seconds has elapsed.  330000  events has been processed
323.269681215  seconds has elapsed.  340000  events has been processed
332.788767099  seconds has elapsed.  350000  events has been processed
342.108815193  seconds has elapsed.  360000  events has been processed
353.405994177  seconds has elapsed.  370000  events has been processed
364.102410078  seconds has elapsed.  380000  events has been processed
373.85665822  seconds has elapsed.  390000  events has been processed
381.578811169  seconds has elapsed.  400000  events has been processed
388.584246159  seconds has elapsed.  410000  events has been processed
395.356930017  seconds has elapsed.  420000  events has been processed
402.319264174  seconds has elapsed.  430000  events has been processed
408.946447134  seconds has elapsed.  440000  events has been processed
415.935703993  seconds has elapsed.  450000  events has been processed
422.698439121  seconds has elapsed.  460000  events has been processed
429.800542116  seconds has elapsed.  470000  events has been processed
436.45878315  seconds has elapsed.  480000  events has been processed
443.5882442  seconds has elapsed.  490000  events has been processed
450.337651014  seconds has elapsed.  500000  events has been processed
457.392976999  seconds has elapsed.  510000  events has been processed
463.940594196  seconds has elapsed.  520000  events has been processed
470.861358166  seconds has elapsed.  530000  events has been processed
477.446181059  seconds has elapsed.  540000  events has been processed
484.508547068  seconds has elapsed.  550000  events has been processed
491.24211216  seconds has elapsed.  560000  events has been processed
498.322006226  seconds has elapsed.  570000  events has been processed
505.384000063  seconds has elapsed.  580000  events has been processed
511.989413023  seconds has elapsed.  590000  events has been processed
519.065852165  seconds has elapsed.  600000  events has been processed
525.634458065  seconds has elapsed.  610000  events has been processed
532.737832069  seconds has elapsed.  620000  events has been processed
539.238758087  seconds has elapsed.  630000  events has been processed
546.286211014  seconds has elapsed.  640000  events has been processed
552.789095163  seconds has elapsed.  650000  events has been processed
559.767807007  seconds has elapsed.  660000  events has been processed
566.312752008  seconds has elapsed.  670000  events has been processed
573.371076107  seconds has elapsed.  680000  events has been processed
580.120377064  seconds has elapsed.  690000  events has been processed
587.163855076  seconds has elapsed.  700000  events has been processed
593.82626605  seconds has elapsed.  710000  events has been processed
600.88560009  seconds has elapsed.  720000  events has been processed
607.514041185  seconds has elapsed.  730000  events has been processed
614.494127035  seconds has elapsed.  740000  events has been processed
621.251018047  seconds has elapsed.  750000  events has been processed
628.266461134  seconds has elapsed.  760000  events has been processed
634.912271023  seconds has elapsed.  770000  events has been processed
641.962370157  seconds has elapsed.  780000  events has been processed
648.481225014  seconds has elapsed.  790000  events has been processed
655.590018034  seconds has elapsed.  800000  events has been processed
662.300566196  seconds has elapsed.  810000  events has been processed
669.258388996  seconds has elapsed.  820000  events has been processed
675.84376812  seconds has elapsed.  830000  events has been processed
682.851047993  seconds has elapsed.  840000  events has been processed
689.871960163  seconds has elapsed.  850000  events has been processed
696.689572096  seconds has elapsed.  860000  events has been processed
703.675379038  seconds has elapsed.  870000  events has been processed
710.491115093  seconds has elapsed.  880000  events has been processed
717.593544006  seconds has elapsed.  890000  events has been processed
724.373002052  seconds has elapsed.  900000  events has been processed
731.529739141  seconds has elapsed.  910000  events has been processed
738.250339031  seconds has elapsed.  920000  events has been processed
745.190333128  seconds has elapsed.  930000  events has been processed
751.728910208  seconds has elapsed.  940000  events has been processed
758.795694113  seconds has elapsed.  950000  events has been processed
765.467729092  seconds has elapsed.  960000  events has been processed
772.456916094  seconds has elapsed.  970000  events has been processed
779.022045135  seconds has elapsed.  980000  events has been processed
785.903459072  seconds has elapsed.  990000  events has been processed
37995  evts failed the photon veto
329752  evts failed the opposite charge requirement
ntuplizing delphes file:  /scratch5/arapyan/fcc_ee/four_lepton.root
-------------------------------------------------------------------
0.473958015442  seconds has elapsed.  0  events has been processed
10.6893081665  seconds has elapsed.  10000  events has been processed
21.2493081093  seconds has elapsed.  20000  events has been processed
31.4900460243  seconds has elapsed.  30000  events has been processed
41.6644880772  seconds has elapsed.  40000  events has been processed
51.9652750492  seconds has elapsed.  50000  events has been processed
62.3452379704  seconds has elapsed.  60000  events has been processed
72.2488620281  seconds has elapsed.  70000  events has been processed
82.6446630955  seconds has elapsed.  80000  events has been processed
93.1717500687  seconds has elapsed.  90000  events has been processed
104.101158142  seconds has elapsed.  100000  events has been processed
114.544945955  seconds has elapsed.  110000  events has been processed
124.908161163  seconds has elapsed.  120000  events has been processed
134.7868011  seconds has elapsed.  130000  events has been processed
145.199141026  seconds has elapsed.  140000  events has been processed
155.503381014  seconds has elapsed.  150000  events has been processed
166.052344084  seconds has elapsed.  160000  events has been processed
176.929785967  seconds has elapsed.  170000  events has been processed
188.983034134  seconds has elapsed.  180000  events has been processed
200.900319099  seconds has elapsed.  190000  events has been processed
213.135080099  seconds has elapsed.  200000  events has been processed
225.390089989  seconds has elapsed.  210000  events has been processed
237.389627934  seconds has elapsed.  220000  events has been processed
249.280964136  seconds has elapsed.  230000  events has been processed
261.48163414  seconds has elapsed.  240000  events has been processed
273.271433115  seconds has elapsed.  250000  events has been processed
285.268036127  seconds has elapsed.  260000  events has been processed
297.30609417  seconds has elapsed.  270000  events has been processed
309.640007973  seconds has elapsed.  280000  events has been processed
321.629107952  seconds has elapsed.  290000  events has been processed
333.729205132  seconds has elapsed.  300000  events has been processed
345.245099068  seconds has elapsed.  310000  events has been processed
357.220993042  seconds has elapsed.  320000  events has been processed
369.43482399  seconds has elapsed.  330000  events has been processed
381.686275959  seconds has elapsed.  340000  events has been processed
393.823318005  seconds has elapsed.  350000  events has been processed
406.052857161  seconds has elapsed.  360000  events has been processed
417.72136116  seconds has elapsed.  370000  events has been processed
429.690080166  seconds has elapsed.  380000  events has been processed
441.786509037  seconds has elapsed.  390000  events has been processed
453.684262037  seconds has elapsed.  400000  events has been processed
465.57713294  seconds has elapsed.  410000  events has been processed
477.615949154  seconds has elapsed.  420000  events has been processed
489.419623137  seconds has elapsed.  430000  events has been processed
501.441020012  seconds has elapsed.  440000  events has been processed
513.435183048  seconds has elapsed.  450000  events has been processed
525.602689981  seconds has elapsed.  460000  events has been processed
537.547839165  seconds has elapsed.  470000  events has been processed
549.524755955  seconds has elapsed.  480000  events has been processed
561.231446028  seconds has elapsed.  490000  events has been processed
573.336946964  seconds has elapsed.  500000  events has been processed
585.629043102  seconds has elapsed.  510000  events has been processed
597.901849031  seconds has elapsed.  520000  events has been processed
609.981837034  seconds has elapsed.  530000  events has been processed
622.079462051  seconds has elapsed.  540000  events has been processed
633.745228052  seconds has elapsed.  550000  events has been processed
646.193385124  seconds has elapsed.  560000  events has been processed
658.241333008  seconds has elapsed.  570000  events has been processed
670.284050941  seconds has elapsed.  580000  events has been processed
682.338546038  seconds has elapsed.  590000  events has been processed
694.308331966  seconds has elapsed.  600000  events has been processed
706.203935146  seconds has elapsed.  610000  events has been processed
718.378849983  seconds has elapsed.  620000  events has been processed
730.322915077  seconds has elapsed.  630000  events has been processed
742.463340998  seconds has elapsed.  640000  events has been processed
754.64941597  seconds has elapsed.  650000  events has been processed
766.722949982  seconds has elapsed.  660000  events has been processed
778.468002081  seconds has elapsed.  670000  events has been processed
790.692671061  seconds has elapsed.  680000  events has been processed
802.659649134  seconds has elapsed.  690000  events has been processed
814.765665054  seconds has elapsed.  700000  events has been processed
826.640974998  seconds has elapsed.  710000  events has been processed
838.843249083  seconds has elapsed.  720000  events has been processed
850.657688141  seconds has elapsed.  730000  events has been processed
862.907274961  seconds has elapsed.  740000  events has been processed
874.881648064  seconds has elapsed.  750000  events has been processed
886.928874969  seconds has elapsed.  760000  events has been processed
898.980061054  seconds has elapsed.  770000  events has been processed
911.091307163  seconds has elapsed.  780000  events has been processed
922.766256094  seconds has elapsed.  790000  events has been processed
934.234221935  seconds has elapsed.  800000  events has been processed
944.517758131  seconds has elapsed.  810000  events has been processed
954.692579985  seconds has elapsed.  820000  events has been processed
965.047449112  seconds has elapsed.  830000  events has been processed
975.826799154  seconds has elapsed.  840000  events has been processed
986.291919947  seconds has elapsed.  850000  events has been processed
996.700232983  seconds has elapsed.  860000  events has been processed
1007.12611914  seconds has elapsed.  870000  events has been processed
1017.52516794  seconds has elapsed.  880000  events has been processed
1029.67536497  seconds has elapsed.  890000  events has been processed
1043.45060015  seconds has elapsed.  900000  events has been processed
1059.96261215  seconds has elapsed.  910000  events has been processed
1077.21323514  seconds has elapsed.  920000  events has been processed
1093.0527041  seconds has elapsed.  930000  events has been processed
1107.03678203  seconds has elapsed.  940000  events has been processed
1121.01383209  seconds has elapsed.  950000  events has been processed
1134.98720598  seconds has elapsed.  960000  events has been processed
1150.07769394  seconds has elapsed.  970000  events has been processed
1165.38960314  seconds has elapsed.  980000  events has been processed
1179.86879301  seconds has elapsed.  990000  events has been processed
43400  evts failed the photon veto
85153  evts failed the opposite charge requirement
